[2025-12-02 11:41:30 +0000] [25] [INFO] Started server process [25]                         root@WOPR:/opt/printful-sync# cd /opt/printful-sync                                         root@WOPR:/opt/printful-sync# docker-compose restart                                        Restarting ffb358bcfaff_printful-sync-printfulRestarting ffb358bcfaff_printful-sync-printfulroot@WOPR:/opt/printful-sync# sleep 3         root@WOPR:/opt/printful-sync# curl -X POST http://localhost:8055/sync                       {"synced":1,"results":[{"id":403918567,"status":"error","error":"[{'message': 'To access this path, you need one of the following permissions: MANAGE_PRODUCTS', 'locations': [{'line': 3, 'column': 7}], 'path': ['productCreate'], 'extensions': {'exception': {'code': 'PermissionDenied', 'stacktrace': ['Traceback (most recent call last):', '  File \"/usr/local/lib/python3.12/site-packages/graphql/execution/executor.py\", line 452, in resolve_or_error', '    return executor.execute(resolve_fn, source, info, **args)', '           ^^^^^^^^^^^^^^^^^^^^^^^^^^^^^^^^^^^^^^^^^^^^^^^^^^', '  File \"/usr/local/lib/python3.12/site-packages/graphql/execution/executors/sync.py\", line 16, in execute', '    return fn(*args, **kwargs)', '           ^^^^^^^^^^^^^^^^^^^', '  File \"/usr/local/lib/python3.12/contextlib.py\", line 81, in inner', '    return func(*args, **kwds)', '           ^^^^^^^^^^^^^^^^^^^', '  File \"/app/saleor/graphql/core/mutations.py\", line 522, in mutate', '    raise PermissionDenied(permissions=cls._meta.permissions)', 'saleor.core.exceptions.PermissionDenied: To access this path, you need one of the following permissions: MANAGE_PRODUCTS']}}}]"}]}root@WOPR:/opt/printful-sync# docker-compose logs --tail 20          Attaching to ffb358bcfaff_printful-sync-printful-sync-1                                     ffb358bcfaff_printful-sync-printful-sync-1 |  ffb358bcfaff_printful-sync-printful-sync-1 | <script data-cfasync="false" src="/cdn-cgi/scripts/5c5dd728/cloudflare-static/email-decode.min.js"></script></body>                        ffb358bcfaff_printful-sync-printful-sync-1 | </html>                                        ffb358bcfaff_printful-sync-printful-sync-1 |  ffb358bcfaff_printful-sync-printful-sync-1 | ERROR:app:Failed to import 403918567: 500 Server Error: Internal Server Error for url: https://dudeabides.wopr.systems/graphql/            ffb358bcfaff_printful-sync-printful-sync-1 | INFO:     Shutting down                        ffb358bcfaff_printful-sync-printful-sync-1 | INFO:     Waiting for application shutdown.    ffb358bcfaff_printful-sync-printful-sync-1 | INFO:     Application shutdown complete.       ffb358bcfaff_printful-sync-printful-sync-1 | INFO:     Finished server process [1]          ffb358bcfaff_printful-sync-printful-sync-1 | INFO:     Started server process [1]           ffb358bcfaff_printful-sync-printful-sync-1 | INFO:     Waiting for application startup.     ffb358bcfaff_printful-sync-printful-sync-1 | INFO:     Application startup complete.        ffb358bcfaff_printful-sync-printful-sync-1 | INFO:     Uvicorn running on http://0.0.0.0:8055 (Press CTRL+C to quit)                      ffb358bcfaff_printful-sync-printful-sync-1 | INFO:app:Starting full Printful sync           ffb358bcfaff_printful-sync-printful-sync-1 | INFO:app:Importing Printful template 403918567 ffb358bcfaff_printful-sync-printful-sync-1 | INFO:app:SALEOR REQUEST: {'query': '\n    mutation CreateProduct($input: ProductCreateInput!) {\n      productCreate(input: $input) {\n        product { id name slug }\n        errors { field message }\n      }\n    }\n    ', 'variables': {'input': {'name': 'Snapback Hat', 'slug': 'printful-403918567', 'seo': {'title': 'Snapback Hat', 'description': 'Snapback Hat â€” made for folks who dig good vibes, smooth style, and gear that really ties the outfit together, man.'}, 'productType': 'UHJvZHVjdFR5cGU6MQ==', 'category': 'Q2F0ZWdvcnk6MQ==', 'attributes': []}}}                                     ffb358bcfaff_printful-sync-printful-sync-1 | INFO:app:SALEOR HTTP 200: {"errors": [{"message": "To access this path, you need one of the following permissions: MANAGE_PRODUCTS", "locations": [{"line": 3, "column": 7}], "path": ["productCreate"], "extensions": {"exception": {"code": "PermissionDenied", "stacktrace": ["Traceback (most recent call last):", "  File \"/usr/local/lib/python3.12/site-packages/graphql/execution/executor.py\", line 452, in resolve_or_error", "    return executor.execute(resolve_fn, source, info, **args)", "           ^^^^^^^^^^^^^^^^^^^^^^^^^^^^^^^^^^^^^^^^^^^^^^^^^^", "  File \"/usr/local/lib/python3.12/site-packages/graphql/execution/executors/sync.py\", line 16, in execute", "    return fn(*args, **kwargs)", "           ^^^^^^^^^^^^^^^^^^^", "  File \"/usr/local/lib/python3.12/contextlib.py\", line 81, in inner", "    return func(*args, **kwds)", "           ^^^^^^^^^^^^^^^^^^^", "  File \"/app/saleor/graphql/core/mutations.py\", line 522, in mutate", "    raise PermissionDenied(permissions=cls._meta.permissions)", "saleor.core.exceptions.PermissionDenied: To access this path, you need one of the following permissions: MANAGE_PRODUCTS"]}}}], "data": {"productCreate": null}, "extensions": {"cost": {"requestedQueryCost": 0, "maximumAvailable": 50000}}}                                    ffb358bcfaff_printful-sync-printful-sync-1 | ERROR:app:Saleor GraphQL errors: [{'message': 'To access this path, you need one of the following permissions: MANAGE_PRODUCTS', 'locations': [{'line': 3, 'column': 7}], 'path': ['productCreate'], 'extensions': {'exception': {'code': 'PermissionDenied', 'stacktrace': ['Traceback (most recent call last):', '  File "/usr/local/lib/python3.12/site-packages/graphql/execution/executor.py", line 452, in resolve_or_error', '    return executor.execute(resolve_fn, source, info, **args)', '           ^^^^^^^^^^^^^^^^^^^^^^^^^^^^^^^^^^^^^^^^^^^^^^^^^^', '  File "/usr/local/lib/python3.12/site-packages/graphql/execution/executors/sync.py", line 16, in execute', '    return fn(*args, **kwargs)', '           ^^^^^^^^^^^^^^^^^^^', '  File "/usr/local/lib/python3.12/contextlib.py", line 81, in inner', '    return func(*args, **kwds)', '           ^^^^^^^^^^^^^^^^^^^', '  File "/app/saleor/graphql/core/mutations.py", line 522, in mutate', '    raise PermissionDenied(permissions=cls._meta.permissions)', 'saleor.core.exceptions.PermissionDenied: To access this path, you need one of the following permissions: MANAGE_PRODUCTS']}}}]                      ffb358bcfaff_printful-sync-printful-sync-1 | ERROR:app:Failed to import 403918567: [{'message': 'To access this path, you need one of the following permissions: MANAGE_PRODUCTS', 'locations': [{'line': 3, 'column': 7}], 'path': ['productCreate'], 'extensions': {'exception': {'code': 'PermissionDenied', 'stacktrace': ['Traceback (most recent call last):', '  File "/usr/local/lib/python3.12/site-packages/graphql/execution/executor.py", line 452, in resolve_or_error', '    return executor.execute(resolve_fn, source, info, **args)', '           ^^^^^^^^^^^^^^^^^^^^^^^^^^^^^^^^^^^^^^^^^^^^^^^^^^', '  File "/usr/local/lib/python3.12/site-packages/graphql/execution/executors/sync.py", line 16, in execute', '    return fn(*args, **kwargs)', '           ^^^^^^^^^^^^^^^^^^^', '  File "/usr/local/lib/python3.12/contextlib.py", line 81, in inner', '    return func(*args, **kwds)', '           ^^^^^^^^^^^^^^^^^^^', '  File "/app/saleor/graphql/core/mutations.py", line 522, in mutate', '    raise PermissionDenied(permissions=cls._meta.permissions)', 'saleor.core.exceptions.PermissionDenied: To access this path, you need one of the following permissions: MANAGE_PRODUCTS']}}}]                 ffb358bcfaff_printful-sync-printful-sync-1 | INFO:     172.20.0.1:51054 - "POST /sync HTTP/1.1" 200 OK                                    root@WOPR:/opt/printful-sync#